(Loading /opt/homebrew/Cellar/latexml/0.8.8_1/libexec/lib/perl5/LaTeXML/Package/TeX.pool.ltxml...
(Loading /opt/homebrew/Cellar/latexml/0.8.8_1/libexec/lib/perl5/LaTeXML/Package/eTeX.pool.ltxml... 0.00 sec)
(Loading /opt/homebrew/Cellar/latexml/0.8.8_1/libexec/lib/perl5/LaTeXML/Package/pdfTeX.pool.ltxml... 0.00 sec) 0.06 sec)
latexmlc (LaTeXML version 0.8.8)
invoked as [/opt/homebrew/Cellar/latexml/0.8.8_1/libexec/bin/latexmlc bylaws.tex]
processing started Tue Nov  5 10:21:00 2024
(Digesting TeX bylaws...
(Processing content /Users/jackhumbert/Github/northernsteppes/content/bylaws.tex...
(Loading /opt/homebrew/Cellar/latexml/0.8.8_1/libexec/lib/perl5/LaTeXML/Package/LaTeX.pool.ltxml...
(Loading /opt/homebrew/Cellar/latexml/0.8.8_1/libexec/lib/perl5/LaTeXML/Package/textcomp.sty.ltxml...
(Processing definitions /usr/local/texlive/2023/texmf-dist/tex/latex/base/ts1enc.dfu... 0.02 sec) 0.59 sec) 0.68 sec)
(Loading /opt/homebrew/Cellar/latexml/0.8.8_1/libexec/lib/perl5/LaTeXML/Package/article.cls.ltxml... 0.01 sec)
(Loading /opt/homebrew/Cellar/latexml/0.8.8_1/libexec/lib/perl5/LaTeXML/Package/parskip.sty.ltxml... 0.00 sec)
(Loading /opt/homebrew/Cellar/latexml/0.8.8_1/libexec/lib/perl5/LaTeXML/Package/enumitem.sty.ltxml... 0.00 sec)
(Loading /opt/homebrew/Cellar/latexml/0.8.8_1/libexec/lib/perl5/LaTeXML/Package/geometry.sty.ltxml...
(Loading /opt/homebrew/Cellar/latexml/0.8.8_1/libexec/lib/perl5/LaTeXML/Package/keyval.sty.ltxml...
(Processing definitions /usr/local/texlive/2023/texmf-dist/tex/latex/graphics/keyval.sty... 0.00 sec) 0.01 sec)
(Loading /opt/homebrew/Cellar/latexml/0.8.8_1/libexec/lib/perl5/LaTeXML/Package/ifpdf.sty.ltxml... 0.00 sec)
(Loading /opt/homebrew/Cellar/latexml/0.8.8_1/libexec/lib/perl5/LaTeXML/Package/ifvtex.sty.ltxml...
(Loading /opt/homebrew/Cellar/latexml/0.8.8_1/libexec/lib/perl5/LaTeXML/Package/iftex.sty.ltxml... 0.00 sec) 0.01 sec)
(Loading /opt/homebrew/Cellar/latexml/0.8.8_1/libexec/lib/perl5/LaTeXML/Package/ifxetex.sty.ltxml... 0.00 sec) 0.02 sec) 1.22 sec) 1.22 sec)
(Building...
(Loading compiled schema /opt/homebrew/Cellar/latexml/0.8.8_1/libexec/lib/perl5/LaTeXML/resources/RelaxNG/LaTeXML.model... 0.01 sec) 0.27 sec)
(Rewriting... 0.00 sec)
(Finalizing... 0.01 sec)
Conversion complete: No obvious problems
Status:conversion:0
